<?xml version="1.0" encoding="UTF-8"?>
<!-- Generated by org.testng.reporters.JUnitReportReporter -->
<testsuite skipped="0" hostname="LIN35007181" name="SampleTest" tests="1" failures="0" timestamp="24 Oct 2018 06:21:20 GMT" time="4.017" errors="0">
  <testcase name="Sample" time="4.017" classname="SampleTest"/>
</testsuite> <!-- SampleTest -->
