<?xml version="1.0" encoding="UTF-8"?>
<!-- Generated by org.testng.reporters.JUnitReportReporter -->
<testsuite skipped="0" hostname="LIN35007181" name="PostRequest" tests="1" failures="0" timestamp="24 Oct 2018 05:09:21 GMT" time="1.495" errors="0">
  <testcase name="postrequest" time="1.495" classname="PostRequest"/>
</testsuite> <!-- PostRequest -->
